<?xml version="1.0" encoding="UTF-8"?>
<testng-results ignored="0" total="0" passed="0" failed="0" skipped="0">
  <reporter-output>
  </reporter-output>
  <suite started-at="2025-02-27T23:15:08 GST" name="Surefire suite" finished-at="2025-02-27T23:15:08 GST" duration-ms="12">
    <groups>
    </groups>
    <test started-at="2025-02-27T23:15:08 GST" name="Surefire test-0" finished-at="2025-02-27T23:15:08 GST" duration-ms="11">
    </test> <!-- Surefire test-0 -->
    <test started-at="2025-02-27T23:15:08 GST" name="Surefire test-1" finished-at="2025-02-27T23:15:08 GST" duration-ms="11">
    </test> <!-- Surefire test-1 -->
    <test started-at="2025-02-27T23:15:08 GST" name="Surefire test-2" finished-at="2025-02-27T23:15:08 GST" duration-ms="11">
    </test> <!-- Surefire test-2 -->
  </suite> <!-- Surefire suite -->
</testng-results>
